<?xml version="1.0" encoding="UTF-8"?>
<!-- Generated by org.testng.reporters.JUnitXMLReporter -->
<testsuite hostname="airs-MacBook-Air.local" ignored="0" name="Rovsing App Test Cases" tests="11" failures="1" timestamp="04 Apr 2018 10:18:40 GMT" time="609.942" errors="0">
  <testcase name="LogoImageTest" time="0.06" classname="com.rovsing.qa.testcases.HomePageTest"/>
  <testcase name="verifyHomePageTitleTest" time="0.016" classname="com.rovsing.qa.testcases.HomePageTest"/>
  <testcase name="verifyCompanyLinkTest" time="29.195" classname="com.rovsing.qa.testcases.HomePageTest"/>
  <testcase name="VerifySearchResult" time="13.861" classname="com.rovsing.qa.testcases.SearchPageTest"/>
  <testcase name="LogoImageTest" time="0.159" classname="com.rovsing.qa.testcases.CompanyPageTest"/>
  <testcase name="verifyCompanyPageTitleTest" time="0.038" classname="com.rovsing.qa.testcases.CompanyPageTest"/>
  <testcase name="verifyCompanyBoardofDirectors" time="27.077" classname="com.rovsing.qa.testcases.CompanyPageTest"/>
  <testcase name="verifyManagement" time="34.591" classname="com.rovsing.qa.testcases.CompanyPageTest"/>
  <testcase name="verifyCustomers" time="20.311" classname="com.rovsing.qa.testcases.CompanyPageTest"/>
  <testcase name="verifyContactUs" time="17.527" classname="com.rovsing.qa.testcases.CompanyPageTest"/>
  <testcase name="FormSubmission" time="7.055" classname="com.rovsing.qa.testcases.ApplicationFormTest">
    <failure type="java.lang.AssertionError" message="null">
      <![CDATA[java.lang.AssertionError: null
	at org.testng.Assert.fail(Assert.java:93)
	at org.testng.Assert.assertNotEquals(Assert.java:897)
	at org.testng.Assert.assertNotEquals(Assert.java:902)
	at com.rovsing.qa.testcases.ApplicationFormTest.FormSubmission(ApplicationFormTest.java:43)
	at sun.reflect.NativeMethodAccessorImpl.invoke0(Native Method)
	at sun.reflect.NativeMethodAccessorImpl.invoke(NativeMethodAccessorImpl.java:62)
	at sun.reflect.DelegatingMethodAccessorImpl.invoke(DelegatingMethodAccessorImpl.java:43)
	at java.lang.reflect.Method.invoke(Method.java:498)
	at org.testng.internal.MethodInvocationHelper.invokeMethod(MethodInvocationHelper.java:108)
	at org.testng.internal.Invoker.invokeMethod(Invoker.java:661)
	at org.testng.internal.Invoker.invokeTestMethod(Invoker.java:869)
	at org.testng.internal.Invoker.invokeTestMethods(Invoker.java:1193)
	at org.testng.internal.TestMethodWorker.invokeTestMethods(TestMethodWorker.java:126)
	at org.testng.internal.TestMethodWorker.run(TestMethodWorker.java:109)
	at org.testng.TestRunner.privateRun(TestRunner.java:744)
	at org.testng.TestRunner.run(TestRunner.java:602)
	at org.testng.SuiteRunner.runTest(SuiteRunner.java:380)
	at org.testng.SuiteRunner.access$000(SuiteRunner.java:39)
	at org.testng.SuiteRunner$SuiteWorker.run(SuiteRunner.java:414)
	at org.testng.internal.thread.ThreadUtil$1.call(ThreadUtil.java:52)
	at java.util.concurrent.FutureTask.run(FutureTask.java:266)
	at java.util.concurrent.ThreadPoolExecutor.runWorker(ThreadPoolExecutor.java:1149)
	at java.util.concurrent.ThreadPoolExecutor$Worker.run(ThreadPoolExecutor.java:624)
	at java.lang.Thread.run(Thread.java:748)
]]>
    </failure>
  </testcase> <!-- FormSubmission -->
</testsuite> <!-- Rovsing App Test Cases -->
