<?xml version="1.0" encoding="UTF-8"?>
<testng-results skipped="0" failed="1" ignored="0" total="11" passed="10">
  <reporter-output>
  </reporter-output>
  <suite name="Rovsing Application Test Automation Test Suite" duration-ms="609942" started-at="2018-04-04T10:08:29Z" finished-at="2018-04-04T10:18:39Z">
    <groups>
    </groups>
    <test name="Rovsing App Test Cases" duration-ms="609942" started-at="2018-04-04T10:08:29Z" finished-at="2018-04-04T10:18:39Z">
      <class name="com.rovsing.qa.testcases.CompanyPageTest">
        <test-method status="PASS" signature="setUp()[pri:0, instance:com.rovsing.qa.testcases.CompanyPageTest@5f2108b5]" name="setUp" is-config="true" duration-ms="53721" started-at="2018-04-04T12:11:17Z" finished-at="2018-04-04T12:12:11Z">
          <reporter-output>
          </reporter-output>
        </test-method> <!-- setUp -->
        <test-method status="PASS" signature="LogoImageTest()[pri:5, instance:com.rovsing.qa.testcases.CompanyPageTest@5f2108b5]" name="LogoImageTest" duration-ms="159" started-at="2018-04-04T12:12:11Z" finished-at="2018-04-04T12:12:11Z">
          <reporter-output>
          </reporter-output>
        </test-method> <!-- LogoImageTest -->
        <test-method status="PASS" signature="tearDown()[pri:0, instance:com.rovsing.qa.testcases.CompanyPageTest@5f2108b5]" name="tearDown" is-config="true" duration-ms="253" started-at="2018-04-04T12:12:11Z" finished-at="2018-04-04T12:12:11Z">
          <reporter-output>
          </reporter-output>
        </test-method> <!-- tearDown -->
        <test-method status="PASS" signature="setUp()[pri:0, instance:com.rovsing.qa.testcases.CompanyPageTest@5f2108b5]" name="setUp" is-config="true" duration-ms="35997" started-at="2018-04-04T12:12:11Z" finished-at="2018-04-04T12:12:47Z">
          <reporter-output>
          </reporter-output>
        </test-method> <!-- setUp -->
        <test-method status="PASS" signature="verifyCompanyPageTitleTest()[pri:6, instance:com.rovsing.qa.testcases.CompanyPageTest@5f2108b5]" name="verifyCompanyPageTitleTest" duration-ms="38" started-at="2018-04-04T12:12:47Z" finished-at="2018-04-04T12:12:48Z">
          <reporter-output>
          </reporter-output>
        </test-method> <!-- verifyCompanyPageTitleTest -->
        <test-method status="PASS" signature="tearDown()[pri:0, instance:com.rovsing.qa.testcases.CompanyPageTest@5f2108b5]" name="tearDown" is-config="true" duration-ms="237" started-at="2018-04-04T12:12:48Z" finished-at="2018-04-04T12:12:48Z">
          <reporter-output>
          </reporter-output>
        </test-method> <!-- tearDown -->
        <test-method status="PASS" signature="setUp()[pri:0, instance:com.rovsing.qa.testcases.CompanyPageTest@5f2108b5]" name="setUp" is-config="true" duration-ms="36028" started-at="2018-04-04T12:12:48Z" finished-at="2018-04-04T12:13:24Z">
          <reporter-output>
          </reporter-output>
        </test-method> <!-- setUp -->
        <test-method status="PASS" signature="verifyCompanyBoardofDirectors()[pri:7, instance:com.rovsing.qa.testcases.CompanyPageTest@5f2108b5]" name="verifyCompanyBoardofDirectors" duration-ms="27077" started-at="2018-04-04T12:13:24Z" finished-at="2018-04-04T12:13:51Z">
          <reporter-output>
          </reporter-output>
        </test-method> <!-- verifyCompanyBoardofDirectors -->
        <test-method status="PASS" signature="tearDown()[pri:0, instance:com.rovsing.qa.testcases.CompanyPageTest@5f2108b5]" name="tearDown" is-config="true" duration-ms="209" started-at="2018-04-04T12:13:51Z" finished-at="2018-04-04T12:13:51Z">
          <reporter-output>
          </reporter-output>
        </test-method> <!-- tearDown -->
        <test-method status="PASS" signature="setUp()[pri:0, instance:com.rovsing.qa.testcases.CompanyPageTest@5f2108b5]" name="setUp" is-config="true" duration-ms="68037" started-at="2018-04-04T12:13:51Z" finished-at="2018-04-04T12:14:59Z">
          <reporter-output>
          </reporter-output>
        </test-method> <!-- setUp -->
        <test-method status="PASS" signature="verifyManagement()[pri:8, instance:com.rovsing.qa.testcases.CompanyPageTest@5f2108b5]" name="verifyManagement" duration-ms="34591" started-at="2018-04-04T12:14:59Z" finished-at="2018-04-04T12:15:34Z">
          <reporter-output>
          </reporter-output>
        </test-method> <!-- verifyManagement -->
        <test-method status="PASS" signature="tearDown()[pri:0, instance:com.rovsing.qa.testcases.CompanyPageTest@5f2108b5]" name="tearDown" is-config="true" duration-ms="222" started-at="2018-04-04T12:15:34Z" finished-at="2018-04-04T12:15:34Z">
          <reporter-output>
          </reporter-output>
        </test-method> <!-- tearDown -->
        <test-method status="PASS" signature="setUp()[pri:0, instance:com.rovsing.qa.testcases.CompanyPageTest@5f2108b5]" name="setUp" is-config="true" duration-ms="31801" started-at="2018-04-04T12:15:34Z" finished-at="2018-04-04T12:16:06Z">
          <reporter-output>
          </reporter-output>
        </test-method> <!-- setUp -->
        <test-method status="PASS" signature="verifyCustomers()[pri:9, instance:com.rovsing.qa.testcases.CompanyPageTest@5f2108b5]" name="verifyCustomers" duration-ms="20311" started-at="2018-04-04T12:16:06Z" finished-at="2018-04-04T12:16:26Z">
          <reporter-output>
          </reporter-output>
        </test-method> <!-- verifyCustomers -->
        <test-method status="PASS" signature="tearDown()[pri:0, instance:com.rovsing.qa.testcases.CompanyPageTest@5f2108b5]" name="tearDown" is-config="true" duration-ms="203" started-at="2018-04-04T12:16:26Z" finished-at="2018-04-04T12:16:26Z">
          <reporter-output>
          </reporter-output>
        </test-method> <!-- tearDown -->
        <test-method status="PASS" signature="setUp()[pri:0, instance:com.rovsing.qa.testcases.CompanyPageTest@5f2108b5]" name="setUp" is-config="true" duration-ms="47581" started-at="2018-04-04T12:16:26Z" finished-at="2018-04-04T12:17:14Z">
          <reporter-output>
          </reporter-output>
        </test-method> <!-- setUp -->
        <test-method status="PASS" signature="verifyContactUs()[pri:10, instance:com.rovsing.qa.testcases.CompanyPageTest@5f2108b5]" name="verifyContactUs" duration-ms="17527" started-at="2018-04-04T12:17:14Z" finished-at="2018-04-04T12:17:31Z">
          <reporter-output>
          </reporter-output>
        </test-method> <!-- verifyContactUs -->
        <test-method status="PASS" signature="tearDown()[pri:0, instance:com.rovsing.qa.testcases.CompanyPageTest@5f2108b5]" name="tearDown" is-config="true" duration-ms="301" started-at="2018-04-04T12:17:31Z" finished-at="2018-04-04T12:17:32Z">
          <reporter-output>
          </reporter-output>
        </test-method> <!-- tearDown -->
      </class> <!-- com.rovsing.qa.testcases.CompanyPageTest -->
      <class name="com.rovsing.qa.testcases.ApplicationFormTest">
        <test-method status="PASS" signature="setUp()[pri:0, instance:com.rovsing.qa.testcases.ApplicationFormTest@31a5c39e]" name="setUp" is-config="true" duration-ms="60408" started-at="2018-04-04T12:17:32Z" finished-at="2018-04-04T12:18:32Z">
          <reporter-output>
          </reporter-output>
        </test-method> <!-- setUp -->
        <test-method status="FAIL" signature="FormSubmission()[pri:11, instance:com.rovsing.qa.testcases.ApplicationFormTest@31a5c39e]" name="FormSubmission" duration-ms="7055" started-at="2018-04-04T12:18:32Z" finished-at="2018-04-04T12:18:39Z">
          <exception class="java.lang.AssertionError">
            <message>
              <![CDATA[null]]>
            </message>
            <full-stacktrace>
              <![CDATA[java.lang.AssertionError: null
	at org.testng.Assert.fail(Assert.java:93)
	at org.testng.Assert.assertNotEquals(Assert.java:897)
	at org.testng.Assert.assertNotEquals(Assert.java:902)
	at com.rovsing.qa.testcases.ApplicationFormTest.FormSubmission(ApplicationFormTest.java:43)
	at sun.reflect.NativeMethodAccessorImpl.invoke0(Native Method)
	at sun.reflect.NativeMethodAccessorImpl.invoke(NativeMethodAccessorImpl.java:62)
	at sun.reflect.DelegatingMethodAccessorImpl.invoke(DelegatingMethodAccessorImpl.java:43)
	at java.lang.reflect.Method.invoke(Method.java:498)
	at org.testng.internal.MethodInvocationHelper.invokeMethod(MethodInvocationHelper.java:108)
	at org.testng.internal.Invoker.invokeMethod(Invoker.java:661)
	at org.testng.internal.Invoker.invokeTestMethod(Invoker.java:869)
	at org.testng.internal.Invoker.invokeTestMethods(Invoker.java:1193)
	at org.testng.internal.TestMethodWorker.invokeTestMethods(TestMethodWorker.java:126)
	at org.testng.internal.TestMethodWorker.run(TestMethodWorker.java:109)
	at org.testng.TestRunner.privateRun(TestRunner.java:744)
	at org.testng.TestRunner.run(TestRunner.java:602)
	at org.testng.SuiteRunner.runTest(SuiteRunner.java:380)
	at org.testng.SuiteRunner.access$000(SuiteRunner.java:39)
	at org.testng.SuiteRunner$SuiteWorker.run(SuiteRunner.java:414)
	at org.testng.internal.thread.ThreadUtil$1.call(ThreadUtil.java:52)
	at java.util.concurrent.FutureTask.run(FutureTask.java:266)
	at java.util.concurrent.ThreadPoolExecutor.runWorker(ThreadPoolExecutor.java:1149)
	at java.util.concurrent.ThreadPoolExecutor$Worker.run(ThreadPoolExecutor.java:624)
	at java.lang.Thread.run(Thread.java:748)
]]>
            </full-stacktrace>
          </exception> <!-- java.lang.AssertionError -->
          <reporter-output>
          </reporter-output>
        </test-method> <!-- FormSubmission -->
        <test-method status="PASS" signature="tearDown()[pri:0, instance:com.rovsing.qa.testcases.ApplicationFormTest@31a5c39e]" name="tearDown" is-config="true" duration-ms="219" started-at="2018-04-04T12:18:39Z" finished-at="2018-04-04T12:18:39Z">
          <reporter-output>
          </reporter-output>
        </test-method> <!-- tearDown -->
      </class> <!-- com.rovsing.qa.testcases.ApplicationFormTest -->
      <class name="com.rovsing.qa.testcases.SearchPageTest">
        <test-method status="PASS" signature="setUp()[pri:0, instance:com.rovsing.qa.testcases.SearchPageTest@e45f292]" name="setUp" is-config="true" duration-ms="31609" started-at="2018-04-04T12:10:32Z" finished-at="2018-04-04T12:11:03Z">
          <reporter-output>
          </reporter-output>
        </test-method> <!-- setUp -->
        <test-method status="PASS" signature="VerifySearchResult()[pri:4, instance:com.rovsing.qa.testcases.SearchPageTest@e45f292]" name="VerifySearchResult" duration-ms="13861" started-at="2018-04-04T12:11:03Z" finished-at="2018-04-04T12:11:17Z">
          <reporter-output>
          </reporter-output>
        </test-method> <!-- VerifySearchResult -->
        <test-method status="PASS" signature="tearDown()[pri:0, instance:com.rovsing.qa.testcases.SearchPageTest@e45f292]" name="tearDown" is-config="true" duration-ms="203" started-at="2018-04-04T12:11:17Z" finished-at="2018-04-04T12:11:17Z">
          <reporter-output>
          </reporter-output>
        </test-method> <!-- tearDown -->
      </class> <!-- com.rovsing.qa.testcases.SearchPageTest -->
      <class name="com.rovsing.qa.testcases.HomePageTest">
        <test-method status="PASS" signature="setUp()[pri:0, instance:com.rovsing.qa.testcases.HomePageTest@5bcab519]" name="setUp" is-config="true" duration-ms="37070" started-at="2018-04-04T12:08:29Z" finished-at="2018-04-04T12:09:06Z">
          <reporter-output>
          </reporter-output>
        </test-method> <!-- setUp -->
        <test-method status="PASS" signature="LogoImageTest()[pri:1, instance:com.rovsing.qa.testcases.HomePageTest@5bcab519]" name="LogoImageTest" duration-ms="60" started-at="2018-04-04T12:09:07Z" finished-at="2018-04-04T12:09:07Z">
          <reporter-output>
          </reporter-output>
        </test-method> <!-- LogoImageTest -->
        <test-method status="PASS" signature="tearDown()[pri:0, instance:com.rovsing.qa.testcases.HomePageTest@5bcab519]" name="tearDown" is-config="true" duration-ms="621" started-at="2018-04-04T12:09:07Z" finished-at="2018-04-04T12:09:07Z">
          <reporter-output>
          </reporter-output>
        </test-method> <!-- tearDown -->
        <test-method status="PASS" signature="setUp()[pri:0, instance:com.rovsing.qa.testcases.HomePageTest@5bcab519]" name="setUp" is-config="true" duration-ms="28158" started-at="2018-04-04T12:09:07Z" finished-at="2018-04-04T12:09:35Z">
          <reporter-output>
          </reporter-output>
        </test-method> <!-- setUp -->
        <test-method status="PASS" signature="verifyHomePageTitleTest()[pri:2, instance:com.rovsing.qa.testcases.HomePageTest@5bcab519]" name="verifyHomePageTitleTest" duration-ms="16" started-at="2018-04-04T12:09:35Z" finished-at="2018-04-04T12:09:35Z">
          <reporter-output>
          </reporter-output>
        </test-method> <!-- verifyHomePageTitleTest -->
        <test-method status="PASS" signature="tearDown()[pri:0, instance:com.rovsing.qa.testcases.HomePageTest@5bcab519]" name="tearDown" is-config="true" duration-ms="194" started-at="2018-04-04T12:09:35Z" finished-at="2018-04-04T12:09:36Z">
          <reporter-output>
          </reporter-output>
        </test-method> <!-- tearDown -->
        <test-method status="PASS" signature="setUp()[pri:0, instance:com.rovsing.qa.testcases.HomePageTest@5bcab519]" name="setUp" is-config="true" duration-ms="26694" started-at="2018-04-04T12:09:36Z" finished-at="2018-04-04T12:10:02Z">
          <reporter-output>
          </reporter-output>
        </test-method> <!-- setUp -->
        <test-method status="PASS" signature="verifyCompanyLinkTest()[pri:3, instance:com.rovsing.qa.testcases.HomePageTest@5bcab519]" name="verifyCompanyLinkTest" duration-ms="29195" started-at="2018-04-04T12:10:02Z" finished-at="2018-04-04T12:10:31Z">
          <reporter-output>
          </reporter-output>
        </test-method> <!-- verifyCompanyLinkTest -->
        <test-method status="PASS" signature="tearDown()[pri:0, instance:com.rovsing.qa.testcases.HomePageTest@5bcab519]" name="tearDown" is-config="true" duration-ms="210" started-at="2018-04-04T12:10:31Z" finished-at="2018-04-04T12:10:32Z">
          <reporter-output>
          </reporter-output>
        </test-method> <!-- tearDown -->
      </class> <!-- com.rovsing.qa.testcases.HomePageTest -->
    </test> <!-- Rovsing App Test Cases -->
  </suite> <!-- Rovsing Application Test Automation Test Suite -->
</testng-results>
